# JRE version: OpenJDK Runtime Environment (11.0.11+9) (build 11.0.11+9-b60-7590822)
# Java VM: OpenJDK 64-Bit Server VM (11.0.11+9-b60-7590822, mixed mode, tiered, compressed oops, g1 gc, windows-amd64)
Heap:
 garbage-first heap   total 233472K, used 82635K [0x0000000080000000, 0x0000000100000000)
  region size 1024K, 36 young (36864K), 13 survivors (13312K)
 Metaspace       used 56081K, capacity 57821K, committed 58056K, reserved 1099776K
  class space    used 7185K, capacity 7772K, committed 7808K, reserved 1048576K
GC Heap History (18 events):
Event: 0.738 GC heap before
{Heap before GC invocations=0 (full 0):
 garbage-first heap   total 194560K, used 19456K [0x0000000080000000, 0x0000000100000000)
  region size 1024K, 14 young (14336K), 0 survivors (0K)
 Metaspace       used 6725K, capacity 6921K, committed 7168K, reserved 1056768K
  class space    used 582K, capacity 650K, committed 768K, reserved 1048576K
}
Event: 0.744 GC heap after
{Heap after GC invocations=1 (full 0):
 garbage-first heap   total 194560K, used 7801K [0x0000000080000000, 0x0000000100000000)
  region size 1024K, 2 young (2048K), 2 survivors (2048K)
 Metaspace       used 6725K, capacity 6921K, committed 7168K, reserved 1056768K
  class space    used 582K, capacity 650K, committed 768K, reserved 1048576K
}
Event: 1.147 GC heap before
{Heap before GC invocations=1 (full 0):
 garbage-first heap   total 194560K, used 20089K [0x0000000080000000, 0x0000000100000000)
  region size 1024K, 14 young (14336K), 2 survivors (2048K)
 Metaspace       used 9886K, capacity 10114K, committed 10368K, reserved 1058816K
  class space    used 1028K, capacity 1102K, committed 1152K, reserved 1048576K
}
Event: 1.151 GC heap after
{Heap after GC invocations=2 (full 0):
 garbage-first heap   total 194560K, used 9213K [0x0000000080000000, 0x0000000100000000)
  region size 1024K, 2 young (2048K), 2 survivors (2048K)
 Metaspace       used 9886K, capacity 10114K, committed 10368K, reserved 1058816K
  class space    used 1028K, capacity 1102K, committed 1152K, reserved 1048576K
}
Event: 1.832 GC heap before
{Heap before GC invocations=2 (full 0):
 garbage-first heap   total 194560K, used 38909K [0x0000000080000000, 0x0000000100000000)
  region size 1024K, 31 young (31744K), 2 survivors (2048K)
 Metaspace       used 10856K, capacity 11069K, committed 11264K, reserved 1058816K
  class space    used 1131K, capacity 1207K, committed 1280K, reserved 1048576K
}
Event: 1.844 GC heap after
{Heap after GC invocations=3 (full 0):
 garbage-first heap   total 194560K, used 11514K [0x0000000080000000, 0x0000000100000000)
  region size 1024K, 4 young (4096K), 4 survivors (4096K)
 Metaspace       used 10856K, capacity 11069K, committed 11264K, reserved 1058816K
  class space    used 1131K, capacity 1207K, committed 1280K, reserved 1048576K
}
Event: 4.191 GC heap before
{Heap before GC invocations=3 (full 0):
 garbage-first heap   total 194560K, used 76026K [0x0000000080000000, 0x0000000100000000)
  region size 1024K, 68 young (69632K), 4 survivors (4096K)
 Metaspace       used 20673K, capacity 21176K, committed 21296K, reserved 1069056K
  class space    used 2528K, capacity 2674K, committed 2688K, reserved 1048576K
}
Event: 4.207 GC heap after
{Heap after GC invocations=4 (full 0):
 garbage-first heap   total 194560K, used 16994K [0x0000000080000000, 0x0000000100000000)
  region size 1024K, 9 young (9216K), 9 survivors (9216K)
 Metaspace       used 20673K, capacity 21176K, committed 21296K, reserved 1069056K
  class space    used 2528K, capacity 2674K, committed 2688K, reserved 1048576K
}
Event: 5.969 GC heap before
{Heap before GC invocations=5 (full 0):
 garbage-first heap   total 194560K, used 103010K [0x0000000080000000, 0x0000000100000000)
  region size 1024K, 85 young (87040K), 9 survivors (9216K)
 Metaspace       used 27940K, capacity 28716K, committed 28848K, reserved 1075200K
  class space    used 3699K, capacity 3998K, committed 4096K, reserved 1048576K
}
Event: 5.989 GC heap after
{Heap after GC invocations=6 (full 0):
 garbage-first heap   total 194560K, used 31288K [0x0000000080000000, 0x0000000100000000)
  region size 1024K, 11 young (11264K), 11 survivors (11264K)
 Metaspace       used 27940K, capacity 28716K, committed 28848K, reserved 1075200K
  class space    used 3699K, capacity 3998K, committed 4096K, reserved 1048576K
}
Event: 6.975 GC heap before
{Heap before GC invocations=6 (full 0):
 garbage-first heap   total 194560K, used 77368K [0x0000000080000000, 0x0000000100000000)
  region size 1024K, 57 young (58368K), 11 survivors (11264K)
 Metaspace       used 34522K, capacity 35466K, committed 35632K, reserved 1079296K
  class space    used 4535K, capacity 4887K, committed 4992K, reserved 1048576K
}
Event: 6.996 GC heap after
{Heap after GC invocations=7 (full 0):
 garbage-first heap   total 233472K, used 33754K [0x0000000080000000, 0x0000000100000000)
  region size 1024K, 8 young (8192K), 8 survivors (8192K)
 Metaspace       used 34522K, capacity 35466K, committed 35632K, reserved 1079296K
  class space    used 4535K, capacity 4887K, committed 4992K, reserved 1048576K
}
Event: 10.669 GC heap before
{Heap before GC invocations=8 (full 0):
 garbage-first heap   total 233472K, used 142298K [0x0000000080000000, 0x0000000100000000)
  region size 1024K, 112 young (114688K), 8 survivors (8192K)
 Metaspace       used 45694K, capacity 46871K, committed 46920K, reserved 1089536K
  class space    used 5961K, capacity 6382K, committed 6400K, reserved 1048576K
}
Event: 10.704 GC heap after
{Heap after GC invocations=9 (full 0):
 garbage-first heap   total 233472K, used 40838K [0x0000000080000000, 0x0000000100000000)
  region size 1024K, 14 young (14336K), 14 survivors (14336K)
 Metaspace       used 45694K, capacity 46871K, committed 46920K, reserved 1089536K
  class space    used 5961K, capacity 6382K, committed 6400K, reserved 1048576K
}
Event: 12.958 GC heap before
{Heap before GC invocations=10 (full 0):
 garbage-first heap   total 233472K, used 168838K [0x0000000080000000, 0x0000000100000000)
  region size 1024K, 136 young (139264K), 14 survivors (14336K)
 Metaspace       used 48285K, capacity 49620K, committed 49864K, reserved 1093632K
  class space    used 6221K, capacity 6714K, committed 6784K, reserved 1048576K
}
Event: 13.012 GC heap after
{Heap after GC invocations=11 (full 0):
 garbage-first heap   total 233472K, used 48981K [0x0000000080000000, 0x0000000100000000)
  region size 1024K, 12 young (12288K), 12 survivors (12288K)
 Metaspace       used 48285K, capacity 49620K, committed 49864K, reserved 1093632K
  class space    used 6221K, capacity 6714K, committed 6784K, reserved 1048576K
}
Event: 16.154 GC heap before
{Heap before GC invocations=11 (full 0):
 garbage-first heap   total 233472K, used 179029K [0x0000000080000000, 0x0000000100000000)
  region size 1024K, 135 young (138240K), 12 survivors (12288K)
 Metaspace       used 55433K, capacity 57153K, committed 57288K, reserved 1099776K
  class space    used 7140K, capacity 7703K, committed 7808K, reserved 1048576K
}
Event: 16.191 GC heap after
{Heap after GC invocations=12 (full 0):
 garbage-first heap   total 233472K, used 60107K [0x0000000080000000, 0x0000000100000000)
  region size 1024K, 13 young (13312K), 13 survivors (13312K)
 Metaspace       used 55433K, capacity 57153K, committed 57288K, reserved 1099776K
  class space    used 7140K, capacity 7703K, committed 7808K, reserved 1048576K
}

